[Fri Oct 13 20:52:18.940082 2023] [core:error] [pid 80786] (13)Permission denied: [client ::1:53284] AH00035: access to /index.php denied (filesystem path '/Users/chrisgoosey/Desktop') because search permissions are missing on a component of the path
[Fri Oct 13 20:52:19.055311 2023] [core:error] [pid 80786] (13)Permission denied: [client ::1:53284] AH00035: access to /favicon.ico denied (filesystem path '/Users/chrisgoosey/Desktop') because search permissions are missing on a component of the path, referer: http://toucantech.local/index.php
[Fri Oct 13 20:56:17.401492 2023] [core:error] [pid 80824] (13)Permission denied: [client ::1:53390] AH00035: access to /index.php denied (filesystem path '/Users/chrisgoosey/Desktop') because search permissions are missing on a component of the path
[Fri Oct 13 20:56:17.513496 2023] [core:error] [pid 80824] (13)Permission denied: [client ::1:53390] AH00035: access to /favicon.ico denied (filesystem path '/Users/chrisgoosey/Desktop') because search permissions are missing on a component of the path, referer: http://toucantech.local/index.php
[Fri Oct 13 20:56:18.163442 2023] [core:error] [pid 80824] (13)Permission denied: [client ::1:53390] AH00035: access to /index.php denied (filesystem path '/Users/chrisgoosey/Desktop') because search permissions are missing on a component of the path
[Fri Oct 13 20:56:18.286067 2023] [core:error] [pid 80824] (13)Permission denied: [client ::1:53390] AH00035: access to /favicon.ico denied (filesystem path '/Users/chrisgoosey/Desktop') because search permissions are missing on a component of the path, referer: http://toucantech.local/index.php
[Fri Oct 13 20:58:22.837177 2023] [core:error] [pid 80828] (13)Permission denied: [client ::1:53395] AH00035: access to /index.php denied (filesystem path '/Users/chrisgoosey/Desktop') because search permissions are missing on a component of the path
[Fri Oct 13 20:58:22.967449 2023] [core:error] [pid 80828] (13)Permission denied: [client ::1:53395] AH00035: access to /favicon.ico denied (filesystem path '/Users/chrisgoosey/Desktop') because search permissions are missing on a component of the path, referer: http://toucantech.local/index.php
[Fri Oct 13 20:58:23.770474 2023] [core:error] [pid 80828] (13)Permission denied: [client ::1:53395] AH00035: access to /index.php denied (filesystem path '/Users/chrisgoosey/Desktop') because search permissions are missing on a component of the path
[Fri Oct 13 20:58:23.891554 2023] [core:error] [pid 80828] (13)Permission denied: [client ::1:53395] AH00035: access to /favicon.ico denied (filesystem path '/Users/chrisgoosey/Desktop') because search permissions are missing on a component of the path, referer: http://toucantech.local/index.php
[Fri Oct 13 20:59:01.040941 2023] [core:error] [pid 80824] (13)Permission denied: [client ::1:53402] AH00035: access to /favicon.ico denied (filesystem path '/Users/chrisgoosey/Desktop') because search permissions are missing on a component of the path, referer: http://toucantech.local/
[Fri Oct 13 20:59:02.450478 2023] [core:error] [pid 80824] (13)Permission denied: [client ::1:53402] AH00035: access to /favicon.ico denied (filesystem path '/Users/chrisgoosey/Desktop') because search permissions are missing on a component of the path, referer: http://toucantech.local/index.php
[Fri Oct 13 20:59:03.094754 2023] [core:error] [pid 80824] (13)Permission denied: [client ::1:53402] AH00035: access to /favicon.ico denied (filesystem path '/Users/chrisgoosey/Desktop') because search permissions are missing on a component of the path, referer: http://toucantech.local/
[Fri Oct 13 20:59:03.435930 2023] [core:error] [pid 80824] (13)Permission denied: [client ::1:53402] AH00035: access to / denied (filesystem path '/Users/chrisgoosey/Desktop') because search permissions are missing on a component of the path
[Fri Oct 13 20:59:03.558087 2023] [core:error] [pid 80824] (13)Permission denied: [client ::1:53402] AH00035: access to /favicon.ico denied (filesystem path '/Users/chrisgoosey/Desktop') because search permissions are missing on a component of the path, referer: http://toucantech.local/
[Fri Oct 13 21:02:14.696896 2023] [core:error] [pid 80828] (13)Permission denied: [client ::1:53481] AH00035: access to / denied (filesystem path '/Users/chrisgoosey/Desktop') because search permissions are missing on a component of the path
[Fri Oct 13 21:02:14.809054 2023] [core:error] [pid 80828] (13)Permission denied: [client ::1:53481] AH00035: access to /favicon.ico denied (filesystem path '/Users/chrisgoosey/Desktop') because search permissions are missing on a component of the path, referer: http://toucantech.local/
[Fri Oct 13 21:03:21.198686 2023] [authz_core:error] [pid 80889] [client ::1:53485] AH01630: client denied by server configuration: /Users/chrisgoosey/Desktop/projects/toucantech.local/
[Fri Oct 13 21:03:21.307052 2023] [authz_core:error] [pid 80889] [client ::1:53485] AH01630: client denied by server configuration: /Users/chrisgoosey/Desktop/projects/toucantech.local/favicon.ico, referer: http://toucantech.local/
[Fri Oct 13 21:03:21.854074 2023] [authz_core:error] [pid 80889] [client ::1:53485] AH01630: client denied by server configuration: /Users/chrisgoosey/Desktop/projects/toucantech.local/
[Fri Oct 13 21:03:21.972664 2023] [authz_core:error] [pid 80889] [client ::1:53485] AH01630: client denied by server configuration: /Users/chrisgoosey/Desktop/projects/toucantech.local/favicon.ico, referer: http://toucantech.local/
[Fri Oct 13 21:03:48.816022 2023] [authz_core:error] [pid 80893] [client ::1:53488] AH01630: client denied by server configuration: /Users/chrisgoosey/Desktop/projects/toucantech.local/index.php
[Fri Oct 13 21:03:48.939346 2023] [authz_core:error] [pid 80893] [client ::1:53488] AH01630: client denied by server configuration: /Users/chrisgoosey/Desktop/projects/toucantech.local/favicon.ico, referer: http://toucantech.local/index.php
[Fri Oct 13 21:04:56.982180 2023] [core:error] [pid 80900] (1)Operation not permitted: [client ::1:53496] AH00132: file permissions deny server access: /Users/chrisgoosey/Desktop/projects/toucanTech.local/index.php
[Fri Oct 13 21:04:57.092727 2023] [negotiation:error] [pid 80900] (1)Operation not permitted: [client ::1:53496] AH00686: cannot read directory for multi: /Users/chrisgoosey/Desktop/projects/toucanTech.local/, referer: http://toucantech.local/index.php
[Fri Oct 13 21:04:58.074385 2023] [core:error] [pid 80900] (1)Operation not permitted: [client ::1:53496] AH00132: file permissions deny server access: /Users/chrisgoosey/Desktop/projects/toucanTech.local/index.php
[Fri Oct 13 21:04:58.181462 2023] [negotiation:error] [pid 80900] (1)Operation not permitted: [client ::1:53496] AH00686: cannot read directory for multi: /Users/chrisgoosey/Desktop/projects/toucanTech.local/, referer: http://toucantech.local/index.php
